[0.011s] Invoking command in '/work/ros2_ws/build/raspbot_description': CMAKE_PREFIX_PATH=/opt/ros/humble /usr/bin/cmake /work/ros2_ws/src/raspbot_description -DAMENT_CMAKE_SYMLINK_INSTALL=1 -DCMAKE_INSTALL_PREFIX=/work/ros2_ws/install/raspbot_description
[0.018s] -- Found ament_cmake: 1.3.12 (/opt/ros/humble/share/ament_cmake/cmake)
[0.071s] -- Override CMake install command with custom implementation using symlinks instead of copying resources
[0.175s] -- Configuring done
[0.212s] -- Generating done
[0.232s] -- Build files have been written to: /work/ros2_ws/build/raspbot_description
[0.233s] Invoked command in '/work/ros2_ws/build/raspbot_description' returned '0': CMAKE_PREFIX_PATH=/opt/ros/humble /usr/bin/cmake /work/ros2_ws/src/raspbot_description -DAMENT_CMAKE_SYMLINK_INSTALL=1 -DCMAKE_INSTALL_PREFIX=/work/ros2_ws/install/raspbot_description
[0.234s] Invoking command in '/work/ros2_ws/build/raspbot_description': CMAKE_PREFIX_PATH=/opt/ros/humble /usr/bin/cmake --build /work/ros2_ws/build/raspbot_description -- -j12 -l12
[0.258s] Invoked command in '/work/ros2_ws/build/raspbot_description' returned '0': CMAKE_PREFIX_PATH=/opt/ros/humble /usr/bin/cmake --build /work/ros2_ws/build/raspbot_description -- -j12 -l12
[0.260s] Invoking command in '/work/ros2_ws/build/raspbot_description': CMAKE_PREFIX_PATH=/opt/ros/humble /usr/bin/cmake --install /work/ros2_ws/build/raspbot_description
[0.264s] -- Install configuration: ""
[0.266s] -- Execute custom install script
[0.269s] -- Symlinking: /work/ros2_ws/install/raspbot_description/share/raspbot_description/urdf/raspbot.urdf.xacro
[0.275s] -- Symlinking: /work/ros2_ws/install/raspbot_description/share/ament_index/resource_index/package_run_dependencies/raspbot_description
[0.283s] -- Symlinking: /work/ros2_ws/install/raspbot_description/share/ament_index/resource_index/parent_prefix_path/raspbot_description
[0.288s] -- Symlinking: /work/ros2_ws/install/raspbot_description/share/raspbot_description/environment/ament_prefix_path.sh
[0.293s] -- Symlinking: /work/ros2_ws/install/raspbot_description/share/raspbot_description/environment/ament_prefix_path.dsv
[0.298s] -- Symlinking: /work/ros2_ws/install/raspbot_description/share/raspbot_description/environment/path.sh
[0.303s] -- Symlinking: /work/ros2_ws/install/raspbot_description/share/raspbot_description/environment/path.dsv
[0.308s] -- Symlinking: /work/ros2_ws/install/raspbot_description/share/raspbot_description/local_setup.bash
[0.313s] -- Symlinking: /work/ros2_ws/install/raspbot_description/share/raspbot_description/local_setup.sh
[0.317s] -- Symlinking: /work/ros2_ws/install/raspbot_description/share/raspbot_description/local_setup.zsh
[0.323s] -- Symlinking: /work/ros2_ws/install/raspbot_description/share/raspbot_description/local_setup.dsv
[0.327s] -- Symlinking: /work/ros2_ws/install/raspbot_description/share/raspbot_description/package.dsv
[0.333s] -- Symlinking: /work/ros2_ws/install/raspbot_description/share/ament_index/resource_index/packages/raspbot_description
[0.339s] -- Symlinking: /work/ros2_ws/install/raspbot_description/share/raspbot_description/cmake/raspbot_descriptionConfig.cmake
[0.343s] -- Symlinking: /work/ros2_ws/install/raspbot_description/share/raspbot_description/cmake/raspbot_descriptionConfig-version.cmake
[0.347s] -- Symlinking: /work/ros2_ws/install/raspbot_description/share/raspbot_description/package.xml
[0.352s] Invoked command in '/work/ros2_ws/build/raspbot_description' returned '0': CMAKE_PREFIX_PATH=/opt/ros/humble /usr/bin/cmake --install /work/ros2_ws/build/raspbot_description
