[0.010s] Invoking command in '/work/ros2_ws/build/raspbot_description': CMAKE_PREFIX_PATH=/opt/ros/humble /usr/bin/cmake --build /work/ros2_ws/build/raspbot_description -- -j12 -l12
[0.027s] Invoked command in '/work/ros2_ws/build/raspbot_description' returned '0': CMAKE_PREFIX_PATH=/opt/ros/humble /usr/bin/cmake --build /work/ros2_ws/build/raspbot_description -- -j12 -l12
[0.033s] Invoking command in '/work/ros2_ws/build/raspbot_description': CMAKE_PREFIX_PATH=/opt/ros/humble /usr/bin/cmake --install /work/ros2_ws/build/raspbot_description
[0.038s] -- Install configuration: ""
[0.039s] -- Execute custom install script
[0.039s] -- Up-to-date symlink: /work/ros2_ws/install/raspbot_description/share/raspbot_description/urdf/raspbot.urdf.xacro
[0.040s] -- Up-to-date symlink: /work/ros2_ws/install/raspbot_description/share/ament_index/resource_index/package_run_dependencies/raspbot_description
[0.041s] -- Up-to-date symlink: /work/ros2_ws/install/raspbot_description/share/ament_index/resource_index/parent_prefix_path/raspbot_description
[0.042s] -- Up-to-date symlink: /work/ros2_ws/install/raspbot_description/share/raspbot_description/environment/ament_prefix_path.sh
[0.043s] -- Up-to-date symlink: /work/ros2_ws/install/raspbot_description/share/raspbot_description/environment/ament_prefix_path.dsv
[0.043s] -- Up-to-date symlink: /work/ros2_ws/install/raspbot_description/share/raspbot_description/environment/path.sh
[0.044s] -- Up-to-date symlink: /work/ros2_ws/install/raspbot_description/share/raspbot_description/environment/path.dsv
[0.045s] -- Up-to-date symlink: /work/ros2_ws/install/raspbot_description/share/raspbot_description/local_setup.bash
[0.046s] -- Up-to-date symlink: /work/ros2_ws/install/raspbot_description/share/raspbot_description/local_setup.sh
[0.046s] -- Up-to-date symlink: /work/ros2_ws/install/raspbot_description/share/raspbot_description/local_setup.zsh
[0.047s] -- Up-to-date symlink: /work/ros2_ws/install/raspbot_description/share/raspbot_description/local_setup.dsv
[0.048s] -- Symlinking: /work/ros2_ws/install/raspbot_description/share/raspbot_description/package.dsv
[0.053s] -- Up-to-date symlink: /work/ros2_ws/install/raspbot_description/share/ament_index/resource_index/packages/raspbot_description
[0.053s] -- Up-to-date symlink: /work/ros2_ws/install/raspbot_description/share/raspbot_description/cmake/raspbot_descriptionConfig.cmake
[0.054s] -- Up-to-date symlink: /work/ros2_ws/install/raspbot_description/share/raspbot_description/cmake/raspbot_descriptionConfig-version.cmake
[0.055s] -- Up-to-date symlink: /work/ros2_ws/install/raspbot_description/share/raspbot_description/package.xml
[0.057s] Invoked command in '/work/ros2_ws/build/raspbot_description' returned '0': CMAKE_PREFIX_PATH=/opt/ros/humble /usr/bin/cmake --install /work/ros2_ws/build/raspbot_description
