[0.021s] Invoking command in '/work/ros2_ws/build/raspbot_description': CMAKE_PREFIX_PATH=/opt/ros/humble /usr/bin/cmake --build /work/ros2_ws/build/raspbot_description -- -j12 -l12
[0.061s] -- Found ament_cmake: 1.3.12 (/opt/ros/humble/share/ament_cmake/cmake)
[0.233s] -- Override CMake install command with custom implementation using symlinks instead of copying resources
[0.271s] -- Configuring done
[0.334s] -- Generating done
[0.367s] -- Build files have been written to: /work/ros2_ws/build/raspbot_description
[0.386s] Invoked command in '/work/ros2_ws/build/raspbot_description' returned '0': CMAKE_PREFIX_PATH=/opt/ros/humble /usr/bin/cmake --build /work/ros2_ws/build/raspbot_description -- -j12 -l12
[0.389s] Invoking command in '/work/ros2_ws/build/raspbot_description': CMAKE_PREFIX_PATH=/opt/ros/humble /usr/bin/cmake --install /work/ros2_ws/build/raspbot_description
[0.397s] -- Install configuration: ""
[0.399s] -- Execute custom install script
[0.403s] -- Up-to-date symlink: /work/ros2_ws/install/raspbot_description/share/raspbot_description/urdf/raspbot.urdf.xacro
[0.403s] -- Up-to-date symlink: /work/ros2_ws/install/raspbot_description/share/ament_index/resource_index/package_run_dependencies/raspbot_description
[0.404s] -- Up-to-date symlink: /work/ros2_ws/install/raspbot_description/share/ament_index/resource_index/parent_prefix_path/raspbot_description
[0.405s] -- Up-to-date symlink: /work/ros2_ws/install/raspbot_description/share/raspbot_description/environment/ament_prefix_path.sh
[0.406s] -- Up-to-date symlink: /work/ros2_ws/install/raspbot_description/share/raspbot_description/environment/ament_prefix_path.dsv
[0.407s] -- Up-to-date symlink: /work/ros2_ws/install/raspbot_description/share/raspbot_description/environment/path.sh
[0.408s] -- Up-to-date symlink: /work/ros2_ws/install/raspbot_description/share/raspbot_description/environment/path.dsv
[0.412s] -- Up-to-date symlink: /work/ros2_ws/install/raspbot_description/share/raspbot_description/local_setup.bash
[0.413s] -- Up-to-date symlink: /work/ros2_ws/install/raspbot_description/share/raspbot_description/local_setup.sh
[0.415s] -- Up-to-date symlink: /work/ros2_ws/install/raspbot_description/share/raspbot_description/local_setup.zsh
[0.418s] -- Up-to-date symlink: /work/ros2_ws/install/raspbot_description/share/raspbot_description/local_setup.dsv
[0.419s] -- Symlinking: /work/ros2_ws/install/raspbot_description/share/raspbot_description/package.dsv
[0.427s] -- Up-to-date symlink: /work/ros2_ws/install/raspbot_description/share/ament_index/resource_index/packages/raspbot_description
[0.428s] -- Up-to-date symlink: /work/ros2_ws/install/raspbot_description/share/raspbot_description/cmake/raspbot_descriptionConfig.cmake
[0.433s] -- Up-to-date symlink: /work/ros2_ws/install/raspbot_description/share/raspbot_description/cmake/raspbot_descriptionConfig-version.cmake
[0.435s] -- Up-to-date symlink: /work/ros2_ws/install/raspbot_description/share/raspbot_description/package.xml
[0.437s] Invoked command in '/work/ros2_ws/build/raspbot_description' returned '0': CMAKE_PREFIX_PATH=/opt/ros/humble /usr/bin/cmake --install /work/ros2_ws/build/raspbot_description
