[0.068s] DEBUG:colcon:Command line arguments: ['/usr/bin/colcon', 'build', '--symlink-install']
[0.069s] DEBUG:colcon:Parsed command line arguments: Namespace(log_base=None, log_level=None, verb_name='build', build_base='build', install_base='install', merge_install=False, symlink_install=True, test_result_base=None, continue_on_error=False, executor='parallel', parallel_workers=12, event_handlers=None, ignore_user_meta=False, metas=['./colcon.meta'], base_paths=['.'], packages_ignore=None, packages_ignore_regex=None, paths=None, packages_up_to=None, packages_up_to_regex=None, packages_above=None, packages_above_and_dependencies=None, packages_above_depth=None, packages_select_by_dep=None, packages_skip_by_dep=None, packages_skip_up_to=None, packages_select_build_failed=False, packages_skip_build_finished=False, packages_select_test_failures=False, packages_skip_test_passed=False, packages_select=None, packages_skip=None, packages_select_regex=None, packages_skip_regex=None, packages_start=None, packages_end=None, allow_overriding=[], cmake_args=None, cmake_target=None, cmake_target_skip_unavailable=False, cmake_clean_cache=False, cmake_clean_first=False, cmake_force_configure=False, ament_cmake_args=None, catkin_cmake_args=None, catkin_skip_building_tests=False, verb_parser=<colcon_defaults.argument_parser.defaults.DefaultArgumentsDecorator object at 0xffff8f6cee60>, verb_extension=<colcon_core.verb.build.BuildVerb object at 0xffff8f6ce950>, main=<bound method BuildVerb.main of <colcon_core.verb.build.BuildVerb object at 0xffff8f6ce950>>)
[0.138s] Level 1:colcon.colcon_core.package_discovery:discover_packages(colcon_meta) check parameters
[0.138s] Level 1:colcon.colcon_core.package_discovery:discover_packages(recursive) check parameters
[0.138s] Level 1:colcon.colcon_core.package_discovery:discover_packages(ignore) check parameters
[0.138s] Level 1:colcon.colcon_core.package_discovery:discover_packages(path) check parameters
[0.138s] Level 1:colcon.colcon_core.package_discovery:discover_packages(colcon_meta) discover
[0.138s] Level 1:colcon.colcon_core.package_discovery:discover_packages(recursive) discover
[0.138s] INFO:colcon.colcon_core.package_discovery:Crawling recursively for packages in '/work/ros2_ws'
[0.139s] Level 1:colcon.colcon_core.package_identification:_identify(.) by extensions ['ignore', 'ignore_ament_install']
[0.139s] Level 1:colcon.colcon_core.package_identification:_identify(.) by extension 'ignore'
[0.139s] Level 1:colcon.colcon_core.package_identification:_identify(.) by extension 'ignore_ament_install'
[0.139s] Level 1:colcon.colcon_core.package_identification:_identify(.) by extensions ['colcon_pkg']
[0.139s] Level 1:colcon.colcon_core.package_identification:_identify(.) by extension 'colcon_pkg'
[0.139s] Level 1:colcon.colcon_core.package_identification:_identify(.) by extensions ['colcon_meta']
[0.139s] Level 1:colcon.colcon_core.package_identification:_identify(.) by extension 'colcon_meta'
[0.139s] Level 1:colcon.colcon_core.package_identification:_identify(.) by extensions ['ros']
[0.139s] Level 1:colcon.colcon_core.package_identification:_identify(.) by extension 'ros'
[0.144s] Level 1:colcon.colcon_core.package_identification:_identify(.) by extensions ['cmake', 'python']
[0.144s] Level 1:colcon.colcon_core.package_identification:_identify(.) by extension 'cmake'
[0.144s] Level 1:colcon.colcon_core.package_identification:_identify(.) by extension 'python'
[0.144s] Level 1:colcon.colcon_core.package_identification:_identify(.) by extensions ['python_setup_py']
[0.144s] Level 1:colcon.colcon_core.package_identification:_identify(.) by extension 'python_setup_py'
[0.145s] Level 1:colcon.colcon_core.package_identification:_identify(build) by extensions ['ignore', 'ignore_ament_install']
[0.145s] Level 1:colcon.colcon_core.package_identification:_identify(build) by extension 'ignore'
[0.145s] Level 1:colcon.colcon_core.package_identification:_identify(build) ignored
[0.145s] Level 1:colcon.colcon_core.package_identification:_identify(install) by extensions ['ignore', 'ignore_ament_install']
[0.146s] Level 1:colcon.colcon_core.package_identification:_identify(install) by extension 'ignore'
[0.146s] Level 1:colcon.colcon_core.package_identification:_identify(install) ignored
[0.146s] Level 1:colcon.colcon_core.package_identification:_identify(log) by extensions ['ignore', 'ignore_ament_install']
[0.146s] Level 1:colcon.colcon_core.package_identification:_identify(log) by extension 'ignore'
[0.146s] Level 1:colcon.colcon_core.package_identification:_identify(log) ignored
[0.147s] Level 1:colcon.colcon_core.package_identification:_identify(src) by extensions ['ignore', 'ignore_ament_install']
[0.147s] Level 1:colcon.colcon_core.package_identification:_identify(src) by extension 'ignore'
[0.147s] Level 1:colcon.colcon_core.package_identification:_identify(src) by extension 'ignore_ament_install'
[0.147s] Level 1:colcon.colcon_core.package_identification:_identify(src) by extensions ['colcon_pkg']
[0.147s] Level 1:colcon.colcon_core.package_identification:_identify(src) by extension 'colcon_pkg'
[0.147s] Level 1:colcon.colcon_core.package_identification:_identify(src) by extensions ['colcon_meta']
[0.147s] Level 1:colcon.colcon_core.package_identification:_identify(src) by extension 'colcon_meta'
[0.147s] Level 1:colcon.colcon_core.package_identification:_identify(src) by extensions ['ros']
[0.147s] Level 1:colcon.colcon_core.package_identification:_identify(src) by extension 'ros'
[0.148s] Level 1:colcon.colcon_core.package_identification:_identify(src) by extensions ['cmake', 'python']
[0.148s] Level 1:colcon.colcon_core.package_identification:_identify(src) by extension 'cmake'
[0.148s] Level 1:colcon.colcon_core.package_identification:_identify(src) by extension 'python'
[0.148s] Level 1:colcon.colcon_core.package_identification:_identify(src) by extensions ['python_setup_py']
[0.148s] Level 1:colcon.colcon_core.package_identification:_identify(src) by extension 'python_setup_py'
[0.149s] Level 1:colcon.colcon_core.package_identification:_identify(src/raspbot_description) by extensions ['ignore', 'ignore_ament_install']
[0.149s] Level 1:colcon.colcon_core.package_identification:_identify(src/raspbot_description) by extension 'ignore'
[0.149s] Level 1:colcon.colcon_core.package_identification:_identify(src/raspbot_description) by extension 'ignore_ament_install'
[0.149s] Level 1:colcon.colcon_core.package_identification:_identify(src/raspbot_description) by extensions ['colcon_pkg']
[0.149s] Level 1:colcon.colcon_core.package_identification:_identify(src/raspbot_description) by extension 'colcon_pkg'
[0.149s] Level 1:colcon.colcon_core.package_identification:_identify(src/raspbot_description) by extensions ['colcon_meta']
[0.149s] Level 1:colcon.colcon_core.package_identification:_identify(src/raspbot_description) by extension 'colcon_meta'
[0.149s] Level 1:colcon.colcon_core.package_identification:_identify(src/raspbot_description) by extensions ['ros']
[0.149s] Level 1:colcon.colcon_core.package_identification:_identify(src/raspbot_description) by extension 'ros'
[0.151s] DEBUG:colcon.colcon_core.package_identification:Package 'src/raspbot_description' with type 'ros.ament_cmake' and name 'raspbot_description'
[0.151s] Level 1:colcon.colcon_core.package_identification:_identify(src/raspbot_sim) by extensions ['ignore', 'ignore_ament_install']
[0.151s] Level 1:colcon.colcon_core.package_identification:_identify(src/raspbot_sim) by extension 'ignore'
[0.152s] Level 1:colcon.colcon_core.package_identification:_identify(src/raspbot_sim) by extension 'ignore_ament_install'
[0.152s] Level 1:colcon.colcon_core.package_identification:_identify(src/raspbot_sim) by extensions ['colcon_pkg']
[0.152s] Level 1:colcon.colcon_core.package_identification:_identify(src/raspbot_sim) by extension 'colcon_pkg'
[0.152s] Level 1:colcon.colcon_core.package_identification:_identify(src/raspbot_sim) by extensions ['colcon_meta']
[0.152s] Level 1:colcon.colcon_core.package_identification:_identify(src/raspbot_sim) by extension 'colcon_meta'
[0.152s] Level 1:colcon.colcon_core.package_identification:_identify(src/raspbot_sim) by extensions ['ros']
[0.152s] Level 1:colcon.colcon_core.package_identification:_identify(src/raspbot_sim) by extension 'ros'
[0.153s] DEBUG:colcon.colcon_core.package_identification:Package 'src/raspbot_sim' with type 'ros.ament_cmake' and name 'raspbot_sim'
[0.153s] Level 1:colcon.colcon_core.package_discovery:discover_packages(recursive) using defaults
[0.153s] Level 1:colcon.colcon_core.package_discovery:discover_packages(ignore) discover
[0.153s] Level 1:colcon.colcon_core.package_discovery:discover_packages(ignore) using defaults
[0.153s] Level 1:colcon.colcon_core.package_discovery:discover_packages(path) discover
[0.153s] Level 1:colcon.colcon_core.package_discovery:discover_packages(path) using defaults
[0.161s] Level 1:colcon.colcon_core.package_discovery:discover_packages(prefix_path) check parameters
[0.161s] Level 1:colcon.colcon_core.package_discovery:discover_packages(prefix_path) discover
[0.163s] DEBUG:colcon.colcon_installed_package_information.package_discovery:Found 287 installed packages in /opt/ros/humble
[0.168s] Level 1:colcon.colcon_core.package_discovery:discover_packages(prefix_path) using defaults
[0.182s] Level 5:colcon.colcon_core.verb:set package 'raspbot_description' build argument 'cmake_args' from command line to 'None'
[0.182s] Level 5:colcon.colcon_core.verb:set package 'raspbot_description' build argument 'cmake_target' from command line to 'None'
[0.182s] Level 5:colcon.colcon_core.verb:set package 'raspbot_description' build argument 'cmake_target_skip_unavailable' from command line to 'False'
[0.182s] Level 5:colcon.colcon_core.verb:set package 'raspbot_description' build argument 'cmake_clean_cache' from command line to 'False'
[0.183s] Level 5:colcon.colcon_core.verb:set package 'raspbot_description' build argument 'cmake_clean_first' from command line to 'False'
[0.183s] Level 5:colcon.colcon_core.verb:set package 'raspbot_description' build argument 'cmake_force_configure' from command line to 'False'
[0.183s] Level 5:colcon.colcon_core.verb:set package 'raspbot_description' build argument 'ament_cmake_args' from command line to 'None'
[0.183s] Level 5:colcon.colcon_core.verb:set package 'raspbot_description' build argument 'catkin_cmake_args' from command line to 'None'
[0.183s] Level 5:colcon.colcon_core.verb:set package 'raspbot_description' build argument 'catkin_skip_building_tests' from command line to 'False'
[0.183s] DEBUG:colcon.colcon_core.verb:Building package 'raspbot_description' with the following arguments: {'ament_cmake_args': None, 'build_base': '/work/ros2_ws/build/raspbot_description', 'catkin_cmake_args': None, 'catkin_skip_building_tests': False, 'cmake_args': None, 'cmake_clean_cache': False, 'cmake_clean_first': False, 'cmake_force_configure': False, 'cmake_target': None, 'cmake_target_skip_unavailable': False, 'install_base': '/work/ros2_ws/install/raspbot_description', 'merge_install': False, 'path': '/work/ros2_ws/src/raspbot_description', 'symlink_install': True, 'test_result_base': None}
[0.183s] Level 5:colcon.colcon_core.verb:set package 'raspbot_sim' build argument 'cmake_args' from command line to 'None'
[0.183s] Level 5:colcon.colcon_core.verb:set package 'raspbot_sim' build argument 'cmake_target' from command line to 'None'
[0.183s] Level 5:colcon.colcon_core.verb:set package 'raspbot_sim' build argument 'cmake_target_skip_unavailable' from command line to 'False'
[0.183s] Level 5:colcon.colcon_core.verb:set package 'raspbot_sim' build argument 'cmake_clean_cache' from command line to 'False'
[0.183s] Level 5:colcon.colcon_core.verb:set package 'raspbot_sim' build argument 'cmake_clean_first' from command line to 'False'
[0.183s] Level 5:colcon.colcon_core.verb:set package 'raspbot_sim' build argument 'cmake_force_configure' from command line to 'False'
[0.183s] Level 5:colcon.colcon_core.verb:set package 'raspbot_sim' build argument 'ament_cmake_args' from command line to 'None'
[0.183s] Level 5:colcon.colcon_core.verb:set package 'raspbot_sim' build argument 'catkin_cmake_args' from command line to 'None'
[0.183s] Level 5:colcon.colcon_core.verb:set package 'raspbot_sim' build argument 'catkin_skip_building_tests' from command line to 'False'
[0.183s] DEBUG:colcon.colcon_core.verb:Building package 'raspbot_sim' with the following arguments: {'ament_cmake_args': None, 'build_base': '/work/ros2_ws/build/raspbot_sim', 'catkin_cmake_args': None, 'catkin_skip_building_tests': False, 'cmake_args': None, 'cmake_clean_cache': False, 'cmake_clean_first': False, 'cmake_force_configure': False, 'cmake_target': None, 'cmake_target_skip_unavailable': False, 'install_base': '/work/ros2_ws/install/raspbot_sim', 'merge_install': False, 'path': '/work/ros2_ws/src/raspbot_sim', 'symlink_install': True, 'test_result_base': None}
[0.183s] INFO:colcon.colcon_core.executor:Executing jobs using 'parallel' executor
[0.184s] DEBUG:colcon.colcon_parallel_executor.executor.parallel:run_until_complete
[0.184s] INFO:colcon.colcon_ros.task.ament_cmake.build:Building ROS package in '/work/ros2_ws/src/raspbot_description' with build type 'ament_cmake'
[0.184s] INFO:colcon.colcon_cmake.task.cmake.build:Building CMake package in '/work/ros2_ws/src/raspbot_description'
[0.186s] INFO:colcon.colcon_core.plugin_system:Skipping extension 'colcon_core.shell.bat': Not used on non-Windows systems
[0.186s] INFO:colcon.colcon_core.shell:Skip shell extension 'powershell' for command environment: Not usable outside of PowerShell
[0.186s] DEBUG:colcon.colcon_core.shell:Skip shell extension 'dsv' for command environment
[0.188s] INFO:colcon.colcon_ros.task.ament_cmake.build:Building ROS package in '/work/ros2_ws/src/raspbot_sim' with build type 'ament_cmake'
[0.188s] INFO:colcon.colcon_cmake.task.cmake.build:Building CMake package in '/work/ros2_ws/src/raspbot_sim'
[0.189s] INFO:colcon.colcon_core.shell:Skip shell extension 'powershell' for command environment: Not usable outside of PowerShell
[0.189s] DEBUG:colcon.colcon_core.shell:Skip shell extension 'dsv' for command environment
[0.196s] DEBUG:colcon.colcon_core.event_handler.log_command:Invoking command in '/work/ros2_ws/build/raspbot_description': CMAKE_PREFIX_PATH=/opt/ros/humble /usr/bin/cmake /work/ros2_ws/src/raspbot_description -DAMENT_CMAKE_SYMLINK_INSTALL=1 -DCMAKE_INSTALL_PREFIX=/work/ros2_ws/install/raspbot_description
[0.201s] DEBUG:colcon.colcon_core.event_handler.log_command:Invoking command in '/work/ros2_ws/build/raspbot_sim': CMAKE_PREFIX_PATH=/opt/ros/humble /usr/bin/cmake /work/ros2_ws/src/raspbot_sim -DAMENT_CMAKE_SYMLINK_INSTALL=1 -DCMAKE_INSTALL_PREFIX=/work/ros2_ws/install/raspbot_sim
[0.418s] DEBUG:colcon.colcon_core.event_handler.log_command:Invoked command in '/work/ros2_ws/build/raspbot_description' returned '0': CMAKE_PREFIX_PATH=/opt/ros/humble /usr/bin/cmake /work/ros2_ws/src/raspbot_description -DAMENT_CMAKE_SYMLINK_INSTALL=1 -DCMAKE_INSTALL_PREFIX=/work/ros2_ws/install/raspbot_description
[0.420s] DEBUG:colcon.colcon_core.event_handler.log_command:Invoking command in '/work/ros2_ws/build/raspbot_description': CMAKE_PREFIX_PATH=/opt/ros/humble /usr/bin/cmake --build /work/ros2_ws/build/raspbot_description -- -j12 -l12
[0.420s] DEBUG:colcon.colcon_core.event_handler.log_command:Invoked command in '/work/ros2_ws/build/raspbot_sim' returned '0': CMAKE_PREFIX_PATH=/opt/ros/humble /usr/bin/cmake /work/ros2_ws/src/raspbot_sim -DAMENT_CMAKE_SYMLINK_INSTALL=1 -DCMAKE_INSTALL_PREFIX=/work/ros2_ws/install/raspbot_sim
[0.420s] DEBUG:colcon.colcon_core.event_handler.log_command:Invoking command in '/work/ros2_ws/build/raspbot_sim': CMAKE_PREFIX_PATH=/opt/ros/humble /usr/bin/cmake --build /work/ros2_ws/build/raspbot_sim -- -j12 -l12
[0.437s] DEBUG:colcon.colcon_core.event_handler.log_command:Invoked command in '/work/ros2_ws/build/raspbot_sim' returned '0': CMAKE_PREFIX_PATH=/opt/ros/humble /usr/bin/cmake --build /work/ros2_ws/build/raspbot_sim -- -j12 -l12
[0.443s] DEBUG:colcon.colcon_core.event_handler.log_command:Invoking command in '/work/ros2_ws/build/raspbot_sim': CMAKE_PREFIX_PATH=/opt/ros/humble /usr/bin/cmake --install /work/ros2_ws/build/raspbot_sim
[0.444s] DEBUG:colcon.colcon_core.event_handler.log_command:Invoked command in '/work/ros2_ws/build/raspbot_description' returned '0': CMAKE_PREFIX_PATH=/opt/ros/humble /usr/bin/cmake --build /work/ros2_ws/build/raspbot_description -- -j12 -l12
[0.445s] DEBUG:colcon.colcon_core.event_handler.log_command:Invoking command in '/work/ros2_ws/build/raspbot_description': CMAKE_PREFIX_PATH=/opt/ros/humble /usr/bin/cmake --install /work/ros2_ws/build/raspbot_description
[0.536s] Level 1:colcon.colcon_core.environment:create_environment_scripts_only(raspbot_description)
[0.537s] DEBUG:colcon.colcon_core.event_handler.log_command:Invoked command in '/work/ros2_ws/build/raspbot_description' returned '0': CMAKE_PREFIX_PATH=/opt/ros/humble /usr/bin/cmake --install /work/ros2_ws/build/raspbot_description
[0.539s] Level 1:colcon.colcon_core.environment:checking '/work/ros2_ws/install/raspbot_description' for CMake module files
[0.541s] Level 1:colcon.colcon_core.environment:checking '/work/ros2_ws/install/raspbot_description' for CMake config files
[0.546s] Level 1:colcon.colcon_core.shell:create_environment_hook('raspbot_description', 'cmake_prefix_path')
[0.547s] INFO:colcon.colcon_core.shell:Creating environment hook '/work/ros2_ws/install/raspbot_description/share/raspbot_description/hook/cmake_prefix_path.ps1'
[0.549s] INFO:colcon.colcon_core.shell:Creating environment descriptor '/work/ros2_ws/install/raspbot_description/share/raspbot_description/hook/cmake_prefix_path.dsv'
[0.550s] INFO:colcon.colcon_core.shell:Creating environment hook '/work/ros2_ws/install/raspbot_description/share/raspbot_description/hook/cmake_prefix_path.sh'
[0.551s] Level 1:colcon.colcon_core.environment:checking '/work/ros2_ws/install/raspbot_description/bin'
[0.551s] Level 1:colcon.colcon_core.environment:checking '/work/ros2_ws/install/raspbot_description/lib/pkgconfig/raspbot_description.pc'
[0.551s] Level 1:colcon.colcon_core.environment:checking '/work/ros2_ws/install/raspbot_description/lib/python3.10/site-packages'
[0.551s] Level 1:colcon.colcon_core.environment:checking '/work/ros2_ws/install/raspbot_description/bin'
[0.552s] INFO:colcon.colcon_core.shell:Creating package script '/work/ros2_ws/install/raspbot_description/share/raspbot_description/package.ps1'
[0.553s] INFO:colcon.colcon_core.shell:Creating package descriptor '/work/ros2_ws/install/raspbot_description/share/raspbot_description/package.dsv'
[0.553s] INFO:colcon.colcon_core.shell:Creating package script '/work/ros2_ws/install/raspbot_description/share/raspbot_description/package.sh'
[0.554s] INFO:colcon.colcon_core.shell:Creating package script '/work/ros2_ws/install/raspbot_description/share/raspbot_description/package.bash'
[0.555s] INFO:colcon.colcon_core.shell:Creating package script '/work/ros2_ws/install/raspbot_description/share/raspbot_description/package.zsh'
[0.556s] Level 1:colcon.colcon_core.environment:create_file_with_runtime_dependencies(/work/ros2_ws/install/raspbot_description/share/colcon-core/packages/raspbot_description)
[0.559s] Level 1:colcon.colcon_core.environment:create_environment_scripts_only(raspbot_description)
[0.559s] Level 1:colcon.colcon_core.environment:checking '/work/ros2_ws/install/raspbot_description' for CMake module files
[0.561s] Level 1:colcon.colcon_core.environment:checking '/work/ros2_ws/install/raspbot_description' for CMake config files
[0.563s] Level 1:colcon.colcon_core.shell:create_environment_hook('raspbot_description', 'cmake_prefix_path')
[0.563s] INFO:colcon.colcon_core.shell:Creating environment hook '/work/ros2_ws/install/raspbot_description/share/raspbot_description/hook/cmake_prefix_path.ps1'
[0.564s] INFO:colcon.colcon_core.shell:Creating environment descriptor '/work/ros2_ws/install/raspbot_description/share/raspbot_description/hook/cmake_prefix_path.dsv'
[0.564s] INFO:colcon.colcon_core.shell:Creating environment hook '/work/ros2_ws/install/raspbot_description/share/raspbot_description/hook/cmake_prefix_path.sh'
[0.565s] Level 1:colcon.colcon_core.environment:checking '/work/ros2_ws/install/raspbot_description/bin'
[0.565s] Level 1:colcon.colcon_core.environment:checking '/work/ros2_ws/install/raspbot_description/lib/pkgconfig/raspbot_description.pc'
[0.565s] Level 1:colcon.colcon_core.environment:checking '/work/ros2_ws/install/raspbot_description/lib/python3.10/site-packages'
[0.565s] Level 1:colcon.colcon_core.environment:checking '/work/ros2_ws/install/raspbot_description/bin'
[0.566s] INFO:colcon.colcon_core.shell:Creating package script '/work/ros2_ws/install/raspbot_description/share/raspbot_description/package.ps1'
[0.566s] INFO:colcon.colcon_core.shell:Creating package descriptor '/work/ros2_ws/install/raspbot_description/share/raspbot_description/package.dsv'
[0.567s] INFO:colcon.colcon_core.shell:Creating package script '/work/ros2_ws/install/raspbot_description/share/raspbot_description/package.sh'
[0.567s] INFO:colcon.colcon_core.shell:Creating package script '/work/ros2_ws/install/raspbot_description/share/raspbot_description/package.bash'
[0.567s] INFO:colcon.colcon_core.shell:Creating package script '/work/ros2_ws/install/raspbot_description/share/raspbot_description/package.zsh'
[0.568s] Level 1:colcon.colcon_core.environment:create_file_with_runtime_dependencies(/work/ros2_ws/install/raspbot_description/share/colcon-core/packages/raspbot_description)
[0.569s] Level 1:colcon.colcon_core.environment:create_environment_scripts_only(raspbot_sim)
[0.569s] Level 1:colcon.colcon_core.environment:checking '/work/ros2_ws/install/raspbot_sim' for CMake module files
[0.570s] DEBUG:colcon.colcon_core.event_handler.log_command:Invoked command in '/work/ros2_ws/build/raspbot_sim' returned '0': CMAKE_PREFIX_PATH=/opt/ros/humble /usr/bin/cmake --install /work/ros2_ws/build/raspbot_sim
[0.571s] Level 1:colcon.colcon_core.environment:checking '/work/ros2_ws/install/raspbot_sim' for CMake config files
[0.572s] Level 1:colcon.colcon_core.shell:create_environment_hook('raspbot_sim', 'cmake_prefix_path')
[0.572s] INFO:colcon.colcon_core.shell:Creating environment hook '/work/ros2_ws/install/raspbot_sim/share/raspbot_sim/hook/cmake_prefix_path.ps1'
[0.573s] INFO:colcon.colcon_core.shell:Creating environment descriptor '/work/ros2_ws/install/raspbot_sim/share/raspbot_sim/hook/cmake_prefix_path.dsv'
[0.574s] INFO:colcon.colcon_core.shell:Creating environment hook '/work/ros2_ws/install/raspbot_sim/share/raspbot_sim/hook/cmake_prefix_path.sh'
[0.575s] Level 1:colcon.colcon_core.environment:checking '/work/ros2_ws/install/raspbot_sim/bin'
[0.575s] Level 1:colcon.colcon_core.environment:checking '/work/ros2_ws/install/raspbot_sim/lib/pkgconfig/raspbot_sim.pc'
[0.575s] Level 1:colcon.colcon_core.environment:checking '/work/ros2_ws/install/raspbot_sim/lib/python3.10/site-packages'
[0.576s] Level 1:colcon.colcon_core.environment:checking '/work/ros2_ws/install/raspbot_sim/bin'
[0.576s] INFO:colcon.colcon_core.shell:Creating package script '/work/ros2_ws/install/raspbot_sim/share/raspbot_sim/package.ps1'
[0.576s] INFO:colcon.colcon_core.shell:Creating package descriptor '/work/ros2_ws/install/raspbot_sim/share/raspbot_sim/package.dsv'
[0.577s] INFO:colcon.colcon_core.shell:Creating package script '/work/ros2_ws/install/raspbot_sim/share/raspbot_sim/package.sh'
[0.577s] INFO:colcon.colcon_core.shell:Creating package script '/work/ros2_ws/install/raspbot_sim/share/raspbot_sim/package.bash'
[0.578s] INFO:colcon.colcon_core.shell:Creating package script '/work/ros2_ws/install/raspbot_sim/share/raspbot_sim/package.zsh'
[0.578s] Level 1:colcon.colcon_core.environment:create_file_with_runtime_dependencies(/work/ros2_ws/install/raspbot_sim/share/colcon-core/packages/raspbot_sim)
[0.580s] Level 1:colcon.colcon_core.environment:create_environment_scripts_only(raspbot_sim)
[0.581s] Level 1:colcon.colcon_core.environment:checking '/work/ros2_ws/install/raspbot_sim' for CMake module files
[0.582s] Level 1:colcon.colcon_core.environment:checking '/work/ros2_ws/install/raspbot_sim' for CMake config files
[0.583s] Level 1:colcon.colcon_core.shell:create_environment_hook('raspbot_sim', 'cmake_prefix_path')
[0.584s] INFO:colcon.colcon_core.shell:Creating environment hook '/work/ros2_ws/install/raspbot_sim/share/raspbot_sim/hook/cmake_prefix_path.ps1'
[0.584s] INFO:colcon.colcon_core.shell:Creating environment descriptor '/work/ros2_ws/install/raspbot_sim/share/raspbot_sim/hook/cmake_prefix_path.dsv'
[0.584s] INFO:colcon.colcon_core.shell:Creating environment hook '/work/ros2_ws/install/raspbot_sim/share/raspbot_sim/hook/cmake_prefix_path.sh'
[0.585s] Level 1:colcon.colcon_core.environment:checking '/work/ros2_ws/install/raspbot_sim/bin'
[0.585s] Level 1:colcon.colcon_core.environment:checking '/work/ros2_ws/install/raspbot_sim/lib/pkgconfig/raspbot_sim.pc'
[0.585s] Level 1:colcon.colcon_core.environment:checking '/work/ros2_ws/install/raspbot_sim/lib/python3.10/site-packages'
[0.586s] Level 1:colcon.colcon_core.environment:checking '/work/ros2_ws/install/raspbot_sim/bin'
[0.586s] INFO:colcon.colcon_core.shell:Creating package script '/work/ros2_ws/install/raspbot_sim/share/raspbot_sim/package.ps1'
[0.586s] INFO:colcon.colcon_core.shell:Creating package descriptor '/work/ros2_ws/install/raspbot_sim/share/raspbot_sim/package.dsv'
[0.587s] INFO:colcon.colcon_core.shell:Creating package script '/work/ros2_ws/install/raspbot_sim/share/raspbot_sim/package.sh'
[0.587s] INFO:colcon.colcon_core.shell:Creating package script '/work/ros2_ws/install/raspbot_sim/share/raspbot_sim/package.bash'
[0.587s] INFO:colcon.colcon_core.shell:Creating package script '/work/ros2_ws/install/raspbot_sim/share/raspbot_sim/package.zsh'
[0.588s] Level 1:colcon.colcon_core.environment:create_file_with_runtime_dependencies(/work/ros2_ws/install/raspbot_sim/share/colcon-core/packages/raspbot_sim)
[0.588s] DEBUG:colcon.colcon_parallel_executor.executor.parallel:closing loop
[0.588s] DEBUG:colcon.colcon_parallel_executor.executor.parallel:loop closed
[0.588s] DEBUG:colcon.colcon_parallel_executor.executor.parallel:run_until_complete finished with '0'
[0.588s] DEBUG:colcon.colcon_core.event_reactor:joining thread
[0.592s] INFO:colcon.colcon_core.plugin_system:Skipping extension 'colcon_notification.desktop_notification.notify_send': Could not find 'notify-send'
[0.592s] INFO:colcon.colcon_core.plugin_system:Skipping extension 'colcon_notification.desktop_notification.terminal_notifier': Not used on non-Darwin systems
[0.592s] INFO:colcon.colcon_core.plugin_system:Skipping extension 'colcon_notification.desktop_notification.win32': Not used on non-Windows systems
[0.592s] INFO:colcon.colcon_notification.desktop_notification:Sending desktop notification using 'notify2'
[0.592s] DEBUG:colcon.colcon_notification.desktop_notification.notify2:Failed to initialize notify2: org.freedesktop.DBus.Error.NotSupported: Unable to autolaunch a dbus-daemon without a $DISPLAY for X11
[0.592s] DEBUG:colcon.colcon_core.event_reactor:joined thread
[0.592s] INFO:colcon.colcon_core.shell:Creating prefix script '/work/ros2_ws/install/local_setup.ps1'
[0.593s] INFO:colcon.colcon_core.shell:Creating prefix util module '/work/ros2_ws/install/_local_setup_util_ps1.py'
[0.594s] INFO:colcon.colcon_core.shell:Creating prefix chain script '/work/ros2_ws/install/setup.ps1'
[0.595s] INFO:colcon.colcon_core.shell:Creating prefix script '/work/ros2_ws/install/local_setup.sh'
[0.595s] INFO:colcon.colcon_core.shell:Creating prefix util module '/work/ros2_ws/install/_local_setup_util_sh.py'
[0.596s] INFO:colcon.colcon_core.shell:Creating prefix chain script '/work/ros2_ws/install/setup.sh'
[0.597s] INFO:colcon.colcon_core.shell:Creating prefix script '/work/ros2_ws/install/local_setup.bash'
[0.597s] INFO:colcon.colcon_core.shell:Creating prefix chain script '/work/ros2_ws/install/setup.bash'
[0.598s] INFO:colcon.colcon_core.shell:Creating prefix script '/work/ros2_ws/install/local_setup.zsh'
[0.599s] INFO:colcon.colcon_core.shell:Creating prefix chain script '/work/ros2_ws/install/setup.zsh'
