[0.000000] (-) TimerEvent: {}
[0.000164] (raspbot_description) JobQueued: {'identifier': 'raspbot_description', 'dependencies': OrderedDict()}
[0.000232] (raspbot_sim) JobQueued: {'identifier': 'raspbot_sim', 'dependencies': OrderedDict()}
[0.000309] (raspbot_description) JobStarted: {'identifier': 'raspbot_description'}
[0.003043] (raspbot_sim) JobStarted: {'identifier': 'raspbot_sim'}
[0.008638] (raspbot_description) JobProgress: {'identifier': 'raspbot_description', 'progress': 'cmake'}
[0.012464] (raspbot_description) JobProgress: {'identifier': 'raspbot_description', 'progress': 'build'}
[0.013198] (raspbot_description) Command: {'cmd': ['/usr/bin/cmake', '--build', '/work/ros2_ws/build/raspbot_description', '--', '-j12', '-l12'], 'cwd': '/work/ros2_ws/build/raspbot_description', 'env': OrderedDict([('HOSTNAME', '50ff7a2d5cd2'), ('SHLVL', '0'), ('LD_LIBRARY_PATH', '/opt/ros/humble/opt/rviz_ogre_vendor/lib:/opt/ros/humble/lib/aarch64-linux-gnu:/opt/ros/humble/lib'), ('HOME', '/root'), ('OLDPWD', '/'), ('ROS_PYTHON_VERSION', '3'), ('ROS_DISTRO', 'humble'), ('_', '/usr/bin/colcon'), ('ROS_VERSION', '2'), ('ROS_LOCALHOST_ONLY', '0'), ('PATH', '/opt/ros/humble/bin:/usr/local/sbin:/usr/local/bin:/usr/sbin:/usr/bin:/sbin:/bin'), ('LANG', 'C.UTF-8'), ('AMENT_PREFIX_PATH', '/opt/ros/humble'), ('DEBIAN_FRONTEND', 'noninteractive'), ('PWD', '/work/ros2_ws/build/raspbot_description'), ('LC_ALL', 'C.UTF-8'), ('PYTHONPATH', '/opt/ros/humble/lib/python3.10/site-packages:/opt/ros/humble/local/lib/python3.10/dist-packages'), ('COLCON', '1'), ('CMAKE_PREFIX_PATH', '/opt/ros/humble')]), 'shell': False}
[0.022444] (raspbot_sim) JobProgress: {'identifier': 'raspbot_sim', 'progress': 'cmake'}
[0.023617] (raspbot_sim) JobProgress: {'identifier': 'raspbot_sim', 'progress': 'build'}
[0.024652] (raspbot_sim) Command: {'cmd': ['/usr/bin/cmake', '--build', '/work/ros2_ws/build/raspbot_sim', '--', '-j12', '-l12'], 'cwd': '/work/ros2_ws/build/raspbot_sim', 'env': OrderedDict([('HOSTNAME', '50ff7a2d5cd2'), ('SHLVL', '0'), ('LD_LIBRARY_PATH', '/opt/ros/humble/opt/rviz_ogre_vendor/lib:/opt/ros/humble/lib/aarch64-linux-gnu:/opt/ros/humble/lib'), ('HOME', '/root'), ('OLDPWD', '/'), ('ROS_PYTHON_VERSION', '3'), ('ROS_DISTRO', 'humble'), ('_', '/usr/bin/colcon'), ('ROS_VERSION', '2'), ('ROS_LOCALHOST_ONLY', '0'), ('PATH', '/opt/ros/humble/bin:/usr/local/sbin:/usr/local/bin:/usr/sbin:/usr/bin:/sbin:/bin'), ('LANG', 'C.UTF-8'), ('AMENT_PREFIX_PATH', '/opt/ros/humble'), ('DEBIAN_FRONTEND', 'noninteractive'), ('PWD', '/work/ros2_ws/build/raspbot_sim'), ('LC_ALL', 'C.UTF-8'), ('PYTHONPATH', '/opt/ros/humble/lib/python3.10/site-packages:/opt/ros/humble/local/lib/python3.10/dist-packages'), ('COLCON', '1'), ('CMAKE_PREFIX_PATH', '/opt/ros/humble')]), 'shell': False}
[0.058851] (raspbot_description) StdoutLine: {'line': b'-- Found ament_cmake: 1.3.12 (/opt/ros/humble/share/ament_cmake/cmake)\n'}
[0.065194] (raspbot_sim) CommandEnded: {'returncode': 0}
[0.069411] (raspbot_sim) JobProgress: {'identifier': 'raspbot_sim', 'progress': 'install'}
[0.075836] (raspbot_sim) Command: {'cmd': ['/usr/bin/cmake', '--install', '/work/ros2_ws/build/raspbot_sim'], 'cwd': '/work/ros2_ws/build/raspbot_sim', 'env': OrderedDict([('HOSTNAME', '50ff7a2d5cd2'), ('SHLVL', '0'), ('LD_LIBRARY_PATH', '/opt/ros/humble/opt/rviz_ogre_vendor/lib:/opt/ros/humble/lib/aarch64-linux-gnu:/opt/ros/humble/lib'), ('HOME', '/root'), ('OLDPWD', '/'), ('ROS_PYTHON_VERSION', '3'), ('ROS_DISTRO', 'humble'), ('_', '/usr/bin/colcon'), ('ROS_VERSION', '2'), ('ROS_LOCALHOST_ONLY', '0'), ('PATH', '/opt/ros/humble/bin:/usr/local/sbin:/usr/local/bin:/usr/sbin:/usr/bin:/sbin:/bin'), ('LANG', 'C.UTF-8'), ('AMENT_PREFIX_PATH', '/opt/ros/humble'), ('DEBIAN_FRONTEND', 'noninteractive'), ('PWD', '/work/ros2_ws/build/raspbot_sim'), ('LC_ALL', 'C.UTF-8'), ('PYTHONPATH', '/opt/ros/humble/lib/python3.10/site-packages:/opt/ros/humble/local/lib/python3.10/dist-packages'), ('COLCON', '1'), ('CMAKE_PREFIX_PATH', '/opt/ros/humble')]), 'shell': False}
[0.080128] (raspbot_sim) StdoutLine: {'line': b'-- Install configuration: ""\n'}
[0.085772] (raspbot_sim) StdoutLine: {'line': b'-- Execute custom install script\n'}
[0.089837] (raspbot_sim) StdoutLine: {'line': b'-- Up-to-date symlink: /work/ros2_ws/install/raspbot_sim/share/raspbot_sim/launch/sim.launch.py\n'}
[0.091268] (raspbot_sim) StdoutLine: {'line': b'-- Up-to-date symlink: /work/ros2_ws/install/raspbot_sim/share/raspbot_sim/worlds/raspbot_world.sdf\n'}
[0.092777] (raspbot_sim) StdoutLine: {'line': b'-- Up-to-date symlink: /work/ros2_ws/install/raspbot_sim/share/raspbot_sim/models/raspbot/model.config\n'}
[0.093587] (raspbot_sim) StdoutLine: {'line': b'-- Up-to-date symlink: /work/ros2_ws/install/raspbot_sim/share/raspbot_sim/models/raspbot/model.sdf\n'}
[0.094174] (raspbot_sim) StdoutLine: {'line': b'-- Up-to-date symlink: /work/ros2_ws/install/raspbot_sim/share/ament_index/resource_index/package_run_dependencies/raspbot_sim\n'}
[0.095930] (raspbot_sim) StdoutLine: {'line': b'-- Up-to-date symlink: /work/ros2_ws/install/raspbot_sim/share/ament_index/resource_index/parent_prefix_path/raspbot_sim\n'}
[0.096906] (raspbot_sim) StdoutLine: {'line': b'-- Up-to-date symlink: /work/ros2_ws/install/raspbot_sim/share/raspbot_sim/environment/ament_prefix_path.sh\n'}
[0.097383] (-) TimerEvent: {}
[0.097740] (raspbot_sim) StdoutLine: {'line': b'-- Up-to-date symlink: /work/ros2_ws/install/raspbot_sim/share/raspbot_sim/environment/ament_prefix_path.dsv\n'}
[0.102465] (raspbot_sim) StdoutLine: {'line': b'-- Up-to-date symlink: /work/ros2_ws/install/raspbot_sim/share/raspbot_sim/environment/path.sh\n'}
[0.103594] (raspbot_sim) StdoutLine: {'line': b'-- Up-to-date symlink: /work/ros2_ws/install/raspbot_sim/share/raspbot_sim/environment/path.dsv\n'}
[0.105254] (raspbot_sim) StdoutLine: {'line': b'-- Up-to-date symlink: /work/ros2_ws/install/raspbot_sim/share/raspbot_sim/local_setup.bash\n'}
[0.106920] (raspbot_sim) StdoutLine: {'line': b'-- Up-to-date symlink: /work/ros2_ws/install/raspbot_sim/share/raspbot_sim/local_setup.sh\n'}
[0.109821] (raspbot_sim) StdoutLine: {'line': b'-- Up-to-date symlink: /work/ros2_ws/install/raspbot_sim/share/raspbot_sim/local_setup.zsh\n'}
[0.111161] (raspbot_sim) StdoutLine: {'line': b'-- Up-to-date symlink: /work/ros2_ws/install/raspbot_sim/share/raspbot_sim/local_setup.dsv\n'}
[0.111791] (raspbot_sim) StdoutLine: {'line': b'-- Symlinking: /work/ros2_ws/install/raspbot_sim/share/raspbot_sim/package.dsv\n'}
[0.125924] (raspbot_sim) StdoutLine: {'line': b'-- Up-to-date symlink: /work/ros2_ws/install/raspbot_sim/share/ament_index/resource_index/packages/raspbot_sim\n'}
[0.127253] (raspbot_sim) StdoutLine: {'line': b'-- Up-to-date symlink: /work/ros2_ws/install/raspbot_sim/share/raspbot_sim/cmake/raspbot_simConfig.cmake\n'}
[0.128419] (raspbot_sim) StdoutLine: {'line': b'-- Up-to-date symlink: /work/ros2_ws/install/raspbot_sim/share/raspbot_sim/cmake/raspbot_simConfig-version.cmake\n'}
[0.129612] (raspbot_sim) StdoutLine: {'line': b'-- Up-to-date symlink: /work/ros2_ws/install/raspbot_sim/share/raspbot_sim/package.xml\n'}
[0.132877] (raspbot_sim) CommandEnded: {'returncode': 0}
[0.197668] (-) TimerEvent: {}
[0.229014] (raspbot_sim) JobEnded: {'identifier': 'raspbot_sim', 'rc': 0}
[0.233786] (raspbot_description) StdoutLine: {'line': b'-- Override CMake install command with custom implementation using symlinks instead of copying resources\n'}
[0.270932] (raspbot_description) StdoutLine: {'line': b'-- Configuring done\n'}
[0.298058] (-) TimerEvent: {}
[0.334509] (raspbot_description) StdoutLine: {'line': b'-- Generating done\n'}
[0.368539] (raspbot_description) StdoutLine: {'line': b'-- Build files have been written to: /work/ros2_ws/build/raspbot_description\n'}
[0.386868] (raspbot_description) CommandEnded: {'returncode': 0}
[0.388835] (raspbot_description) JobProgress: {'identifier': 'raspbot_description', 'progress': 'install'}
[0.389246] (raspbot_description) Command: {'cmd': ['/usr/bin/cmake', '--install', '/work/ros2_ws/build/raspbot_description'], 'cwd': '/work/ros2_ws/build/raspbot_description', 'env': OrderedDict([('HOSTNAME', '50ff7a2d5cd2'), ('SHLVL', '0'), ('LD_LIBRARY_PATH', '/opt/ros/humble/opt/rviz_ogre_vendor/lib:/opt/ros/humble/lib/aarch64-linux-gnu:/opt/ros/humble/lib'), ('HOME', '/root'), ('OLDPWD', '/'), ('ROS_PYTHON_VERSION', '3'), ('ROS_DISTRO', 'humble'), ('_', '/usr/bin/colcon'), ('ROS_VERSION', '2'), ('ROS_LOCALHOST_ONLY', '0'), ('PATH', '/opt/ros/humble/bin:/usr/local/sbin:/usr/local/bin:/usr/sbin:/usr/bin:/sbin:/bin'), ('LANG', 'C.UTF-8'), ('AMENT_PREFIX_PATH', '/opt/ros/humble'), ('DEBIAN_FRONTEND', 'noninteractive'), ('PWD', '/work/ros2_ws/build/raspbot_description'), ('LC_ALL', 'C.UTF-8'), ('PYTHONPATH', '/opt/ros/humble/lib/python3.10/site-packages:/opt/ros/humble/local/lib/python3.10/dist-packages'), ('COLCON', '1'), ('CMAKE_PREFIX_PATH', '/opt/ros/humble')]), 'shell': False}
[0.393811] (raspbot_description) StdoutLine: {'line': b'-- Install configuration: ""\n'}
[0.398674] (-) TimerEvent: {}
[0.399785] (raspbot_description) StdoutLine: {'line': b'-- Execute custom install script\n'}
[0.403620] (raspbot_description) StdoutLine: {'line': b'-- Up-to-date symlink: /work/ros2_ws/install/raspbot_description/share/raspbot_description/urdf/raspbot.urdf.xacro\n'}
[0.404257] (raspbot_description) StdoutLine: {'line': b'-- Up-to-date symlink: /work/ros2_ws/install/raspbot_description/share/ament_index/resource_index/package_run_dependencies/raspbot_description\n'}
[0.405156] (raspbot_description) StdoutLine: {'line': b'-- Up-to-date symlink: /work/ros2_ws/install/raspbot_description/share/ament_index/resource_index/parent_prefix_path/raspbot_description\n'}
[0.405803] (raspbot_description) StdoutLine: {'line': b'-- Up-to-date symlink: /work/ros2_ws/install/raspbot_description/share/raspbot_description/environment/ament_prefix_path.sh\n'}
[0.406431] (raspbot_description) StdoutLine: {'line': b'-- Up-to-date symlink: /work/ros2_ws/install/raspbot_description/share/raspbot_description/environment/ament_prefix_path.dsv\n'}
[0.408230] (raspbot_description) StdoutLine: {'line': b'-- Up-to-date symlink: /work/ros2_ws/install/raspbot_description/share/raspbot_description/environment/path.sh\n'}
[0.408925] (raspbot_description) StdoutLine: {'line': b'-- Up-to-date symlink: /work/ros2_ws/install/raspbot_description/share/raspbot_description/environment/path.dsv\n'}
[0.409716] (raspbot_description) StdoutLine: {'line': b'-- Up-to-date symlink: /work/ros2_ws/install/raspbot_description/share/raspbot_description/local_setup.bash\n'}
[0.414574] (raspbot_description) StdoutLine: {'line': b'-- Up-to-date symlink: /work/ros2_ws/install/raspbot_description/share/raspbot_description/local_setup.sh\n'}
[0.415428] (raspbot_description) StdoutLine: {'line': b'-- Up-to-date symlink: /work/ros2_ws/install/raspbot_description/share/raspbot_description/local_setup.zsh\n'}
[0.418737] (raspbot_description) StdoutLine: {'line': b'-- Up-to-date symlink: /work/ros2_ws/install/raspbot_description/share/raspbot_description/local_setup.dsv\n'}
[0.419725] (raspbot_description) StdoutLine: {'line': b'-- Symlinking: /work/ros2_ws/install/raspbot_description/share/raspbot_description/package.dsv\n'}
[0.427417] (raspbot_description) StdoutLine: {'line': b'-- Up-to-date symlink: /work/ros2_ws/install/raspbot_description/share/ament_index/resource_index/packages/raspbot_description\n'}
[0.429073] (raspbot_description) StdoutLine: {'line': b'-- Up-to-date symlink: /work/ros2_ws/install/raspbot_description/share/raspbot_description/cmake/raspbot_descriptionConfig.cmake\n'}
[0.433992] (raspbot_description) StdoutLine: {'line': b'-- Up-to-date symlink: /work/ros2_ws/install/raspbot_description/share/raspbot_description/cmake/raspbot_descriptionConfig-version.cmake\n'}
[0.435114] (raspbot_description) StdoutLine: {'line': b'-- Up-to-date symlink: /work/ros2_ws/install/raspbot_description/share/raspbot_description/package.xml\n'}
[0.437650] (raspbot_description) CommandEnded: {'returncode': 0}
[0.499585] (-) TimerEvent: {}
[0.501783] (raspbot_description) JobEnded: {'identifier': 'raspbot_description', 'rc': 0}
[0.504452] (-) EventReactorShutdown: {}
