[0.016s] Invoking command in '/work/ros2_ws/build/raspbot_sim': /usr/bin/cmake /work/ros2_ws/src/raspbot_sim -DCMAKE_INSTALL_PREFIX=/work/ros2_ws/install/raspbot_sim
[0.091s] -- The C compiler identification is GNU 11.4.0
[0.150s] -- The CXX compiler identification is GNU 11.4.0
[0.160s] -- Detecting C compiler ABI info
[0.259s] -- Detecting C compiler ABI info - done
[0.265s] -- Check for working C compiler: /usr/bin/cc - skipped
[0.266s] -- Detecting C compile features
[0.267s] -- Detecting C compile features - done
[0.272s] -- Detecting CXX compiler ABI info
[0.385s] -- Detecting CXX compiler ABI info - done
[0.395s] -- Check for working CXX compiler: /usr/bin/c++ - skipped
[0.396s] -- Detecting CXX compile features
[0.396s] -- Detecting CXX compile features - done
[0.405s] -- Found ament_cmake: 1.3.12 (/opt/ros/humble/share/ament_cmake/cmake)
[0.483s] -- Found Python3: /usr/bin/python3 (found version "3.10.12") found components: Interpreter 
[0.571s] Error parsing '/work/ros2_ws/src/raspbot_sim/package.xml':
[0.572s] Traceback (most recent call last):
[0.572s]   File "/opt/ros/humble/share/ament_cmake_core/cmake/core/package_xml_2_cmake.py", line 150, in <module>
[0.574s]     main()
[0.576s]   File "/opt/ros/humble/share/ament_cmake_core/cmake/core/package_xml_2_cmake.py", line 53, in main
[0.577s]     raise e
[0.577s]   File "/opt/ros/humble/share/ament_cmake_core/cmake/core/package_xml_2_cmake.py", line 49, in main
[0.578s]     package = parse_package_string(
[0.578s]   File "/usr/lib/python3/dist-packages/catkin_pkg/package.py", line 788, in parse_package_string
[0.578s]     pkg.validate(warnings=warnings)
[0.579s]   File "/usr/lib/python3/dist-packages/catkin_pkg/package.py", line 330, in validate
[0.579s]     raise InvalidPackage('\n'.join(errors), self.filename)
[0.579s] catkin_pkg.package.InvalidPackage: Error(s) in package '/work/ros2_ws/src/raspbot_sim/package.xml':
[0.579s] Invalid email "implmbp228@local" for person "implmbp228"
[0.581s] CMake Error at /opt/ros/humble/share/ament_cmake_core/cmake/core/ament_package_xml.cmake:95 (message):
[0.581s]   execute_process(/usr/bin/python3
[0.581s]   /opt/ros/humble/share/ament_cmake_core/cmake/core/package_xml_2_cmake.py
[0.581s]   /work/ros2_ws/src/raspbot_sim/package.xml
[0.581s]   /work/ros2_ws/build/raspbot_sim/ament_cmake_core/package.cmake) returned
[0.581s]   error code 1
[0.581s] Call Stack (most recent call first):
[0.582s]   /opt/ros/humble/share/ament_cmake_core/cmake/core/ament_package_xml.cmake:49 (_ament_package_xml)
[0.582s]   /opt/ros/humble/share/ament_cmake_core/cmake/core/ament_package.cmake:63 (ament_package_xml)
[0.582s]   CMakeLists.txt:10 (ament_package)
[0.582s] 
[0.582s] 
[0.582s] -- Configuring incomplete, errors occurred!
[0.582s] See also "/work/ros2_ws/build/raspbot_sim/CMakeFiles/CMakeOutput.log".
