[0.012s] Invoking command in '/work/ros2_ws/build/raspbot_description': /usr/bin/cmake /work/ros2_ws/src/raspbot_description -DCMAKE_INSTALL_PREFIX=/work/ros2_ws/install/raspbot_description
[0.093s] -- The C compiler identification is GNU 11.4.0
[0.152s] -- The CXX compiler identification is GNU 11.4.0
[0.160s] -- Detecting C compiler ABI info
[0.248s] -- Detecting C compiler ABI info - done
[0.256s] -- Check for working C compiler: /usr/bin/cc - skipped
[0.257s] -- Detecting C compile features
[0.257s] -- Detecting C compile features - done
[0.263s] -- Detecting CXX compiler ABI info
[0.359s] -- Detecting CXX compiler ABI info - done
[0.367s] -- Check for working CXX compiler: /usr/bin/c++ - skipped
[0.368s] -- Detecting CXX compile features
[0.370s] -- Detecting CXX compile features - done
[0.381s] -- Found ament_cmake: 1.3.12 (/opt/ros/humble/share/ament_cmake/cmake)
[0.469s] -- Found Python3: /usr/bin/python3 (found version "3.10.12") found components: Interpreter 
[0.572s] Error parsing '/work/ros2_ws/src/raspbot_description/package.xml':
[0.574s] Traceback (most recent call last):
[0.574s]   File "/opt/ros/humble/share/ament_cmake_core/cmake/core/package_xml_2_cmake.py", line 150, in <module>
[0.575s]     main()
[0.575s]   File "/opt/ros/humble/share/ament_cmake_core/cmake/core/package_xml_2_cmake.py", line 53, in main
[0.579s]     raise e
[0.579s]   File "/opt/ros/humble/share/ament_cmake_core/cmake/core/package_xml_2_cmake.py", line 49, in main
[0.579s]     package = parse_package_string(
[0.579s]   File "/usr/lib/python3/dist-packages/catkin_pkg/package.py", line 788, in parse_package_string
[0.580s]     pkg.validate(warnings=warnings)
[0.580s]   File "/usr/lib/python3/dist-packages/catkin_pkg/package.py", line 330, in validate
[0.580s]     raise InvalidPackage('\n'.join(errors), self.filename)
[0.580s] catkin_pkg.package.InvalidPackage: Error(s) in package '/work/ros2_ws/src/raspbot_description/package.xml':
[0.580s] Invalid email "implmbp228@local" for person "implmbp228"
[0.581s] CMake Error at /opt/ros/humble/share/ament_cmake_core/cmake/core/ament_package_xml.cmake:95 (message):
[0.581s]   execute_process(/usr/bin/python3
[0.581s]   /opt/ros/humble/share/ament_cmake_core/cmake/core/package_xml_2_cmake.py
[0.581s]   /work/ros2_ws/src/raspbot_description/package.xml
[0.581s]   /work/ros2_ws/build/raspbot_description/ament_cmake_core/package.cmake)
[0.581s]   returned error code 1
[0.581s] Call Stack (most recent call first):
[0.581s]   /opt/ros/humble/share/ament_cmake_core/cmake/core/ament_package_xml.cmake:49 (_ament_package_xml)
[0.581s]   /opt/ros/humble/share/ament_cmake_core/cmake/core/ament_package.cmake:63 (ament_package_xml)
[0.581s]   CMakeLists.txt:10 (ament_package)
[0.581s] 
[0.582s] 
[0.582s] -- Configuring incomplete, errors occurred!
[0.582s] See also "/work/ros2_ws/build/raspbot_description/CMakeFiles/CMakeOutput.log".
[0.584s] Invoked command in '/work/ros2_ws/build/raspbot_description' returned '1': /usr/bin/cmake /work/ros2_ws/src/raspbot_description -DCMAKE_INSTALL_PREFIX=/work/ros2_ws/install/raspbot_description
